[2026-06-24 01:33:48Z INFO HostContext] No proxy settings were found based on environmental variables (http_proxy/https_proxy/HTTP_PROXY/HTTPS_PROXY)
[2026-06-24 01:33:48Z INFO HostContext] Well known directory 'Bin': 'C:\DevOps Insider\Daily Practice\GitHub Action\actions-runner\bin'
[2026-06-24 01:33:48Z INFO HostContext] Well known directory 'Root': 'C:\DevOps Insider\Daily Practice\GitHub Action\actions-runner'
[2026-06-24 01:33:48Z INFO HostContext] Well known config file 'Credentials': 'C:\DevOps Insider\Daily Practice\GitHub Action\actions-runner\.credentials'
[2026-06-24 01:33:48Z INFO HostContext] Well known directory 'Bin': 'C:\DevOps Insider\Daily Practice\GitHub Action\actions-runner\bin'
[2026-06-24 01:33:48Z INFO HostContext] Well known directory 'Root': 'C:\DevOps Insider\Daily Practice\GitHub Action\actions-runner'
[2026-06-24 01:33:48Z INFO HostContext] Well known config file 'Runner': 'C:\DevOps Insider\Daily Practice\GitHub Action\actions-runner\.runner'
[2026-06-24 01:33:48Z INFO Listener] Runner is built for Windows (X64) - win-x64.
[2026-06-24 01:33:48Z INFO Listener] RuntimeInformation: Microsoft Windows 10.0.26100.
[2026-06-24 01:33:48Z INFO Listener] Version: 2.335.1
[2026-06-24 01:33:48Z INFO Listener] Commit: 7d737449ef346f6524f75688d0c9c95fa10ba10a
[2026-06-24 01:33:48Z INFO Listener] Culture: en-IN
[2026-06-24 01:33:48Z INFO Listener] UI Culture: en-US
[2026-06-24 01:33:48Z INFO HostContext] Well known directory 'Bin': 'C:\DevOps Insider\Daily Practice\GitHub Action\actions-runner\bin'
[2026-06-24 01:33:48Z INFO HostContext] Well known directory 'Root': 'C:\DevOps Insider\Daily Practice\GitHub Action\actions-runner'
[2026-06-24 01:33:48Z INFO Listener] Validating directory permissions for: 'C:\DevOps Insider\Daily Practice\GitHub Action\actions-runner'
[2026-06-24 01:33:48Z INFO CommandLineParser] Parse
[2026-06-24 01:33:48Z INFO CommandLineParser] Parsing 1 args
[2026-06-24 01:33:48Z INFO CommandLineParser] parsing argument
[2026-06-24 01:33:48Z INFO CommandLineParser] HasArgs: False
[2026-06-24 01:33:48Z INFO CommandLineParser] Adding Command: remove
[2026-06-24 01:33:48Z INFO Listener] Arguments parsed
[2026-06-24 01:33:48Z INFO Runner] ExecuteCommand
[2026-06-24 01:33:48Z INFO ConfigurationStore] currentAssemblyLocation: C:\DevOps Insider\Daily Practice\GitHub Action\actions-runner\bin\Runner.Listener.dll
[2026-06-24 01:33:48Z INFO HostContext] Well known directory 'Bin': 'C:\DevOps Insider\Daily Practice\GitHub Action\actions-runner\bin'
[2026-06-24 01:33:48Z INFO ConfigurationStore] binPath: C:\DevOps Insider\Daily Practice\GitHub Action\actions-runner\bin
[2026-06-24 01:33:48Z INFO HostContext] Well known directory 'Bin': 'C:\DevOps Insider\Daily Practice\GitHub Action\actions-runner\bin'
[2026-06-24 01:33:48Z INFO HostContext] Well known directory 'Root': 'C:\DevOps Insider\Daily Practice\GitHub Action\actions-runner'
[2026-06-24 01:33:48Z INFO ConfigurationStore] RootFolder: C:\DevOps Insider\Daily Practice\GitHub Action\actions-runner
[2026-06-24 01:33:48Z INFO HostContext] Well known directory 'Bin': 'C:\DevOps Insider\Daily Practice\GitHub Action\actions-runner\bin'
[2026-06-24 01:33:48Z INFO HostContext] Well known directory 'Root': 'C:\DevOps Insider\Daily Practice\GitHub Action\actions-runner'
[2026-06-24 01:33:48Z INFO HostContext] Well known config file 'Runner': 'C:\DevOps Insider\Daily Practice\GitHub Action\actions-runner\.runner'
[2026-06-24 01:33:48Z INFO ConfigurationStore] ConfigFilePath: C:\DevOps Insider\Daily Practice\GitHub Action\actions-runner\.runner
[2026-06-24 01:33:48Z INFO HostContext] Well known directory 'Bin': 'C:\DevOps Insider\Daily Practice\GitHub Action\actions-runner\bin'
[2026-06-24 01:33:48Z INFO HostContext] Well known directory 'Root': 'C:\DevOps Insider\Daily Practice\GitHub Action\actions-runner'
[2026-06-24 01:33:48Z INFO HostContext] Well known config file 'MigratedRunner': 'C:\DevOps Insider\Daily Practice\GitHub Action\actions-runner\.runner_migrated'
[2026-06-24 01:33:48Z INFO ConfigurationStore] MigratedConfigFilePath: C:\DevOps Insider\Daily Practice\GitHub Action\actions-runner\.runner_migrated
[2026-06-24 01:33:48Z INFO HostContext] Well known directory 'Bin': 'C:\DevOps Insider\Daily Practice\GitHub Action\actions-runner\bin'
[2026-06-24 01:33:48Z INFO HostContext] Well known directory 'Root': 'C:\DevOps Insider\Daily Practice\GitHub Action\actions-runner'
[2026-06-24 01:33:48Z INFO HostContext] Well known config file 'Credentials': 'C:\DevOps Insider\Daily Practice\GitHub Action\actions-runner\.credentials'
[2026-06-24 01:33:48Z INFO ConfigurationStore] CredFilePath: C:\DevOps Insider\Daily Practice\GitHub Action\actions-runner\.credentials
[2026-06-24 01:33:48Z INFO HostContext] Well known directory 'Bin': 'C:\DevOps Insider\Daily Practice\GitHub Action\actions-runner\bin'
[2026-06-24 01:33:48Z INFO HostContext] Well known directory 'Root': 'C:\DevOps Insider\Daily Practice\GitHub Action\actions-runner'
[2026-06-24 01:33:48Z INFO HostContext] Well known config file 'MigratedCredentials': 'C:\DevOps Insider\Daily Practice\GitHub Action\actions-runner\.credentials_migrated'
[2026-06-24 01:33:48Z INFO ConfigurationStore] MigratedCredFilePath: C:\DevOps Insider\Daily Practice\GitHub Action\actions-runner\.credentials_migrated
[2026-06-24 01:33:48Z INFO HostContext] Well known directory 'Bin': 'C:\DevOps Insider\Daily Practice\GitHub Action\actions-runner\bin'
[2026-06-24 01:33:48Z INFO HostContext] Well known directory 'Root': 'C:\DevOps Insider\Daily Practice\GitHub Action\actions-runner'
[2026-06-24 01:33:48Z INFO HostContext] Well known config file 'Service': 'C:\DevOps Insider\Daily Practice\GitHub Action\actions-runner\.service'
[2026-06-24 01:33:48Z INFO ConfigurationStore] ServiceConfigFilePath: C:\DevOps Insider\Daily Practice\GitHub Action\actions-runner\.service
[2026-06-24 01:33:48Z INFO CommandSettings] Flag 'help': 'False'
[2026-06-24 01:33:48Z INFO CommandSettings] Flag 'version': 'False'
[2026-06-24 01:33:48Z INFO CommandSettings] Flag 'commit': 'False'
[2026-06-24 01:33:48Z INFO CommandSettings] Flag 'check': 'False'
[2026-06-24 01:33:48Z INFO CommandSettings] Command 'configure': 'False'
[2026-06-24 01:33:48Z INFO CommandSettings] Command 'remove': 'True'
[2026-06-24 01:33:48Z INFO CommandSettings] Flag 'local': 'False'
[2026-06-24 01:33:48Z INFO ConfigurationStore] IsServiceConfigured()
[2026-06-24 01:33:48Z INFO ConfigurationStore] IsServiceConfigured: False
[2026-06-24 01:33:48Z INFO ConfigurationStore] IsConfigured()
[2026-06-24 01:33:48Z INFO ConfigurationStore] IsConfigured: True
[2026-06-24 01:33:48Z INFO ConfigurationStore] HasCredentials()
[2026-06-24 01:33:48Z INFO ConfigurationStore] stored True
[2026-06-24 01:33:48Z INFO ConfigurationStore] Read setting file: 403 chars
[2026-06-24 01:33:48Z INFO CommandSettings] Arg 'token': ''
[2026-06-24 01:33:48Z INFO CommandSettings] Flag 'unattended': 'False'
[2026-06-24 01:33:48Z INFO PromptManager] ReadValue
[2026-06-24 01:33:48Z INFO Terminal] WRITE: Enter runner remove token: 
[2026-06-24 01:33:48Z INFO Terminal] READ SECRET
[2026-06-24 01:34:14Z INFO Terminal] Read value: '***'
[2026-06-24 01:34:15Z ERR  Terminal] WRITE ERROR: Http response code: NotFound from 'POST https://api.github.com/actions/runner-registration' (Request Id: EC06:64037:189098A:1A8637F:6A3B3418)
[2026-06-24 01:34:15Z ERR  Terminal] WRITE ERROR: {"message":"Not Found","documentation_url":"https://docs.github.com/rest","status":"404"}
[2026-06-24 01:34:15Z ERR  Terminal] WRITE ERROR: Failed: Removing runner from the server
[2026-06-24 01:34:15Z ERR  Runner] System.Net.Http.HttpRequestException: Response status code does not indicate success: 404 (Not Found).
   at System.Net.Http.HttpResponseMessage.EnsureSuccessStatusCode()
   at GitHub.Runner.Listener.Configuration.ConfigurationManager.GetTenantCredential(String githubUrl, String githubToken, String runnerEvent)
   at GitHub.Runner.Listener.Configuration.ConfigurationManager.UnconfigureAsync(CommandSettings command)
   at GitHub.Runner.Listener.Runner.ExecuteCommand(CommandSettings command)
[2026-06-24 01:34:15Z ERR  Terminal] WRITE ERROR: Response status code does not indicate success: 404 (Not Found).
[2026-06-24 01:34:15Z INFO Listener] Runner execution has finished with return code 1
